# JRE version: Java(TM) SE Runtime Environment (8.0_281-b09) (build 1.8.0_281-b09)
# Java VM: Java HotSpot(TM) 64-Bit Server VM (25.281-b09 mixed mode windows-amd64 compressed oops)
Heap:
 PSYoungGen      total 107520K, used 70829K [0x00000000f5580000, 0x00000000fc900000, 0x0000000100000000)
  eden space 96768K, 64% used [0x00000000f5580000,0x00000000f920dcd8,0x00000000fb400000)
  from space 10752K, 82% used [0x00000000fb400000,0x00000000fbc9d880,0x00000000fbe80000)
  to   space 10240K, 0% used [0x00000000fbf00000,0x00000000fbf00000,0x00000000fc900000)
 ParOldGen       total 111104K, used 12272K [0x00000000e0000000, 0x00000000e6c80000, 0x00000000f5580000)
  object space 111104K, 11% used [0x00000000e0000000,0x00000000e0bfc2c8,0x00000000e6c80000)
 Metaspace       used 38186K, capacity 40628K, committed 40920K, reserved 1085440K
  class space    used 5267K, capacity 5766K, committed 5888K, reserved 1048576K
GC Heap History (10 events):
Event: 2.048 GC heap before
{Heap before GC invocations=5 (full 1):
 PSYoungGen      total 75776K, used 68560K [0x00000000f5580000, 0x00000000fc980000, 0x0000000100000000)
  eden space 65024K, 100% used [0x00000000f5580000,0x00000000f9500000,0x00000000f9500000)
  from space 10752K, 32% used [0x00000000f9500000,0x00000000f9874128,0x00000000f9f80000)
  to   space 10752K, 0% used [0x00000000fbf00000,0x00000000fbf00000,0x00000000fc980000)
 ParOldGen       total 111104K, used 9296K [0x00000000e0000000, 0x00000000e6c80000, 0x00000000f5580000)
  object space 111104K, 8% used [0x00000000e0000000,0x00000000e09140e8,0x00000000e6c80000)
 Metaspace       used 26520K, capacity 28362K, committed 28544K, reserved 1073152K
  class space    used 3564K, capacity 3955K, committed 3968K, reserved 1048576K
Event: 2.053 GC heap after
Heap after GC invocations=5 (full 1):
 PSYoungGen      total 107008K, used 7425K [0x00000000f5580000, 0x00000000fc900000, 0x0000000100000000)
  eden space 96768K, 0% used [0x00000000f5580000,0x00000000f5580000,0x00000000fb400000)
  from space 10240K, 72% used [0x00000000fbf00000,0x00000000fc640420,0x00000000fc900000)
  to   space 10752K, 0% used [0x00000000fb400000,0x00000000fb400000,0x00000000fbe80000)
 ParOldGen       total 111104K, used 9304K [0x00000000e0000000, 0x00000000e6c80000, 0x00000000f5580000)
  object space 111104K, 8% used [0x00000000e0000000,0x00000000e09160e8,0x00000000e6c80000)
 Metaspace       used 26520K, capacity 28362K, committed 28544K, reserved 1073152K
  class space    used 3564K, capacity 3955K, committed 3968K, reserved 1048576K
}
Event: 2.879 GC heap before
{Heap before GC invocations=6 (full 1):
 PSYoungGen      total 107008K, used 104193K [0x00000000f5580000, 0x00000000fc900000, 0x0000000100000000)
  eden space 96768K, 100% used [0x00000000f5580000,0x00000000fb400000,0x00000000fb400000)
  from space 10240K, 72% used [0x00000000fbf00000,0x00000000fc640420,0x00000000fc900000)
  to   space 10752K, 0% used [0x00000000fb400000,0x00000000fb400000,0x00000000fbe80000)
 ParOldGen       total 111104K, used 9304K [0x00000000e0000000, 0x00000000e6c80000, 0x00000000f5580000)
  object space 111104K, 8% used [0x00000000e0000000,0x00000000e09160e8,0x00000000e6c80000)
 Metaspace       used 32343K, capacity 34564K, committed 34816K, reserved 1079296K
  class space    used 4388K, capacity 4816K, committed 4864K, reserved 1048576K
Event: 2.887 GC heap after
Heap after GC invocations=6 (full 1):
 PSYoungGen      total 107520K, used 10748K [0x00000000f5580000, 0x00000000fc900000, 0x0000000100000000)
  eden space 96768K, 0% used [0x00000000f5580000,0x00000000f5580000,0x00000000fb400000)
  from space 10752K, 99% used [0x00000000fb400000,0x00000000fbe7f390,0x00000000fbe80000)
  to   space 10240K, 0% used [0x00000000fbf00000,0x00000000fbf00000,0x00000000fc900000)
 ParOldGen       total 111104K, used 9763K [0x00000000e0000000, 0x00000000e6c80000, 0x00000000f5580000)
  object space 111104K, 8% used [0x00000000e0000000,0x00000000e0988cb0,0x00000000e6c80000)
 Metaspace       used 32343K, capacity 34564K, committed 34816K, reserved 1079296K
  class space    used 4388K, capacity 4816K, committed 4864K, reserved 1048576K
}
Event: 2.959 GC heap before
{Heap before GC invocations=7 (full 1):
 PSYoungGen      total 107520K, used 22392K [0x00000000f5580000, 0x00000000fc900000, 0x0000000100000000)
  eden space 96768K, 12% used [0x00000000f5580000,0x00000000f60df048,0x00000000fb400000)
  from space 10752K, 99% used [0x00000000fb400000,0x00000000fbe7f390,0x00000000fbe80000)
  to   space 10240K, 0% used [0x00000000fbf00000,0x00000000fbf00000,0x00000000fc900000)
 ParOldGen       total 111104K, used 9763K [0x00000000e0000000, 0x00000000e6c80000, 0x00000000f5580000)
  object space 111104K, 8% used [0x00000000e0000000,0x00000000e0988cb0,0x00000000e6c80000)
 Metaspace       used 33190K, capacity 35366K, committed 35416K, reserved 1079296K
  class space    used 4542K, capacity 4977K, committed 4992K, reserved 1048576K
Event: 2.963 GC heap after
Heap after GC invocations=7 (full 1):
 PSYoungGen      total 107008K, used 7050K [0x00000000f5580000, 0x00000000fc900000, 0x0000000100000000)
  eden space 96768K, 0% used [0x00000000f5580000,0x00000000f5580000,0x00000000fb400000)
  from space 10240K, 68% used [0x00000000fbf00000,0x00000000fc5e2ba0,0x00000000fc900000)
  to   space 10752K, 0% used [0x00000000fb400000,0x00000000fb400000,0x00000000fbe80000)
 ParOldGen       total 111104K, used 9771K [0x00000000e0000000, 0x00000000e6c80000, 0x00000000f5580000)
  object space 111104K, 8% used [0x00000000e0000000,0x00000000e098acb0,0x00000000e6c80000)
 Metaspace       used 33190K, capacity 35366K, committed 35416K, reserved 1079296K
  class space    used 4542K, capacity 4977K, committed 4992K, reserved 1048576K
}
Event: 2.963 GC heap before
{Heap before GC invocations=8 (full 2):
 PSYoungGen      total 107008K, used 7050K [0x00000000f5580000, 0x00000000fc900000, 0x0000000100000000)
  eden space 96768K, 0% used [0x00000000f5580000,0x00000000f5580000,0x00000000fb400000)
  from space 10240K, 68% used [0x00000000fbf00000,0x00000000fc5e2ba0,0x00000000fc900000)
  to   space 10752K, 0% used [0x00000000fb400000,0x00000000fb400000,0x00000000fbe80000)
 ParOldGen       total 111104K, used 9771K [0x00000000e0000000, 0x00000000e6c80000, 0x00000000f5580000)
  object space 111104K, 8% used [0x00000000e0000000,0x00000000e098acb0,0x00000000e6c80000)
 Metaspace       used 33190K, capacity 35366K, committed 35416K, reserved 1079296K
  class space    used 4542K, capacity 4977K, committed 4992K, reserved 1048576K
Event: 2.992 GC heap after
Heap after GC invocations=8 (full 2):
 PSYoungGen      total 107008K, used 0K [0x00000000f5580000, 0x00000000fc900000, 0x0000000100000000)
  eden space 96768K, 0% used [0x00000000f5580000,0x00000000f5580000,0x00000000fb400000)
  from space 10240K, 0% used [0x00000000fbf00000,0x00000000fbf00000,0x00000000fc900000)
  to   space 10752K, 0% used [0x00000000fb400000,0x00000000fb400000,0x00000000fbe80000)
 ParOldGen       total 111104K, used 12264K [0x00000000e0000000, 0x00000000e6c80000, 0x00000000f5580000)
  object space 111104K, 11% used [0x00000000e0000000,0x00000000e0bfa2c8,0x00000000e6c80000)
 Metaspace       used 33190K, capacity 35366K, committed 35416K, reserved 1079296K
  class space    used 4542K, capacity 4977K, committed 4992K, reserved 1048576K
}
Event: 3.877 GC heap before
{Heap before GC invocations=9 (full 2):
 PSYoungGen      total 107008K, used 96768K [0x00000000f5580000, 0x00000000fc900000, 0x0000000100000000)
  eden space 96768K, 100% used [0x00000000f5580000,0x00000000fb400000,0x00000000fb400000)
  from space 10240K, 0% used [0x00000000fbf00000,0x00000000fbf00000,0x00000000fc900000)
  to   space 10752K, 0% used [0x00000000fb400000,0x00000000fb400000,0x00000000fbe80000)
 ParOldGen       total 111104K, used 12264K [0x00000000e0000000, 0x00000000e6c80000, 0x00000000f5580000)
  object space 111104K, 11% used [0x00000000e0000000,0x00000000e0bfa2c8,0x00000000e6c80000)
 Metaspace       used 37948K, capacity 40380K, committed 40536K, reserved 1083392K
  class space    used 5262K, capacity 5758K, committed 5760K, reserved 1048576K
Event: 3.883 GC heap after
Heap after GC invocations=9 (full 2):
 PSYoungGen      total 107520K, used 8822K [0x00000000f5580000, 0x00000000fc900000, 0x0000000100000000)
  eden space 96768K, 0% used [0x00000000f5580000,0x00000000f5580000,0x00000000fb400000)
  from space 10752K, 82% used [0x00000000fb400000,0x00000000fbc9d880,0x00000000fbe80000)
  to   space 10240K, 0% used [0x00000000fbf00000,0x00000000fbf00000,0x00000000fc900000)
 ParOldGen       total 111104K, used 12272K [0x00000000e0000000, 0x00000000e6c80000, 0x00000000f5580000)
  object space 111104K, 11% used [0x00000000e0000000,0x00000000e0bfc2c8,0x00000000e6c80000)
 Metaspace       used 37948K, capacity 40380K, committed 40536K, reserved 1083392K
  class space    used 5262K, capacity 5758K, committed 5760K, reserved 1048576K
}

