# JRE version: Java(TM) SE Runtime Environment (8.0_281-b09) (build 1.8.0_281-b09)
# Java VM: Java HotSpot(TM) 64-Bit Server VM (25.281-b09 mixed mode windows-amd64 compressed oops)
Heap:
 PSYoungGen      total 143360K, used 131072K [0x00000000f5580000, 0x00000000ff900000, 0x0000000100000000)
  eden space 131072K, 100% used [0x00000000f5580000,0x00000000fd580000,0x00000000fd580000)
  from space 12288K, 0% used [0x00000000fe100000,0x00000000fe100000,0x00000000fed00000)
  to   space 11776K, 0% used [0x00000000fd580000,0x00000000fd580000,0x00000000fe100000)
 ParOldGen       total 113664K, used 12965K [0x00000000e0000000, 0x00000000e6f00000, 0x00000000f5580000)
  object space 113664K, 11% used [0x00000000e0000000,0x00000000e0ca9440,0x00000000e6f00000)
 Metaspace       used 38088K, capacity 40558K, committed 40920K, reserved 1085440K
  class space    used 5264K, capacity 5765K, committed 5888K, reserved 1048576K
GC Heap History (10 events):
Event: 1.844 GC heap before
{Heap before GC invocations=4 (full 1):
 PSYoungGen      total 75776K, used 65009K [0x00000000f5580000, 0x00000000faa00000, 0x0000000100000000)
  eden space 65024K, 99% used [0x00000000f5580000,0x00000000f94fc720,0x00000000f9500000)
  from space 10752K, 0% used [0x00000000f9f80000,0x00000000f9f80000,0x00000000faa00000)
  to   space 10752K, 0% used [0x00000000f9500000,0x00000000f9500000,0x00000000f9f80000)
 ParOldGen       total 113664K, used 9297K [0x00000000e0000000, 0x00000000e6f00000, 0x00000000f5580000)
  object space 113664K, 8% used [0x00000000e0000000,0x00000000e0914690,0x00000000e6f00000)
 Metaspace       used 24641K, capacity 26296K, committed 26496K, reserved 1073152K
  class space    used 3328K, capacity 3674K, committed 3712K, reserved 1048576K
Event: 1.847 GC heap after
Heap after GC invocations=4 (full 1):
 PSYoungGen      total 75776K, used 6111K [0x00000000f5580000, 0x00000000fc400000, 0x0000000100000000)
  eden space 65024K, 0% used [0x00000000f5580000,0x00000000f5580000,0x00000000f9500000)
  from space 10752K, 56% used [0x00000000f9500000,0x00000000f9af7c88,0x00000000f9f80000)
  to   space 10752K, 0% used [0x00000000fb980000,0x00000000fb980000,0x00000000fc400000)
 ParOldGen       total 113664K, used 9305K [0x00000000e0000000, 0x00000000e6f00000, 0x00000000f5580000)
  object space 113664K, 8% used [0x00000000e0000000,0x00000000e0916690,0x00000000e6f00000)
 Metaspace       used 24641K, capacity 26296K, committed 26496K, reserved 1073152K
  class space    used 3328K, capacity 3674K, committed 3712K, reserved 1048576K
}
Event: 2.113 GC heap before
{Heap before GC invocations=5 (full 1):
 PSYoungGen      total 75776K, used 71135K [0x00000000f5580000, 0x00000000fc400000, 0x0000000100000000)
  eden space 65024K, 100% used [0x00000000f5580000,0x00000000f9500000,0x00000000f9500000)
  from space 10752K, 56% used [0x00000000f9500000,0x00000000f9af7c88,0x00000000f9f80000)
  to   space 10752K, 0% used [0x00000000fb980000,0x00000000fb980000,0x00000000fc400000)
 ParOldGen       total 113664K, used 9305K [0x00000000e0000000, 0x00000000e6f00000, 0x00000000f5580000)
  object space 113664K, 8% used [0x00000000e0000000,0x00000000e0916690,0x00000000e6f00000)
 Metaspace       used 26397K, capacity 28262K, committed 28544K, reserved 1073152K
  class space    used 3550K, capacity 3921K, committed 3968K, reserved 1048576K
Event: 2.116 GC heap after
Heap after GC invocations=5 (full 1):
 PSYoungGen      total 102400K, used 5495K [0x00000000f5580000, 0x00000000fc580000, 0x0000000100000000)
  eden space 91648K, 0% used [0x00000000f5580000,0x00000000f5580000,0x00000000faf00000)
  from space 10752K, 51% used [0x00000000fb980000,0x00000000fbedddb0,0x00000000fc400000)
  to   space 10752K, 0% used [0x00000000faf00000,0x00000000faf00000,0x00000000fb980000)
 ParOldGen       total 113664K, used 9313K [0x00000000e0000000, 0x00000000e6f00000, 0x00000000f5580000)
  object space 113664K, 8% used [0x00000000e0000000,0x00000000e0918690,0x00000000e6f00000)
 Metaspace       used 26397K, capacity 28262K, committed 28544K, reserved 1073152K
  class space    used 3550K, capacity 3921K, committed 3968K, reserved 1048576K
}
Event: 2.864 GC heap before
{Heap before GC invocations=6 (full 1):
 PSYoungGen      total 102400K, used 97143K [0x00000000f5580000, 0x00000000fc580000, 0x0000000100000000)
  eden space 91648K, 100% used [0x00000000f5580000,0x00000000faf00000,0x00000000faf00000)
  from space 10752K, 51% used [0x00000000fb980000,0x00000000fbedddb0,0x00000000fc400000)
  to   space 10752K, 0% used [0x00000000faf00000,0x00000000faf00000,0x00000000fb980000)
 ParOldGen       total 113664K, used 9313K [0x00000000e0000000, 0x00000000e6f00000, 0x00000000f5580000)
  object space 113664K, 8% used [0x00000000e0000000,0x00000000e0918690,0x00000000e6f00000)
 Metaspace       used 31364K, capacity 33544K, committed 33664K, reserved 1079296K
  class space    used 4294K, capacity 4716K, committed 4736K, reserved 1048576K
Event: 2.870 GC heap after
Heap after GC invocations=6 (full 1):
 PSYoungGen      total 102400K, used 10360K [0x00000000f5580000, 0x00000000fed00000, 0x0000000100000000)
  eden space 91648K, 0% used [0x00000000f5580000,0x00000000f5580000,0x00000000faf00000)
  from space 10752K, 96% used [0x00000000faf00000,0x00000000fb91e0d0,0x00000000fb980000)
  to   space 12288K, 0% used [0x00000000fe100000,0x00000000fe100000,0x00000000fed00000)
 ParOldGen       total 113664K, used 9321K [0x00000000e0000000, 0x00000000e6f00000, 0x00000000f5580000)
  object space 113664K, 8% used [0x00000000e0000000,0x00000000e091a690,0x00000000e6f00000)
 Metaspace       used 31364K, capacity 33544K, committed 33664K, reserved 1079296K
  class space    used 4294K, capacity 4716K, committed 4736K, reserved 1048576K
}
Event: 2.991 GC heap before
{Heap before GC invocations=7 (full 1):
 PSYoungGen      total 102400K, used 29614K [0x00000000f5580000, 0x00000000fed00000, 0x0000000100000000)
  eden space 91648K, 21% used [0x00000000f5580000,0x00000000f684d788,0x00000000faf00000)
  from space 10752K, 96% used [0x00000000faf00000,0x00000000fb91e0d0,0x00000000fb980000)
  to   space 12288K, 0% used [0x00000000fe100000,0x00000000fe100000,0x00000000fed00000)
 ParOldGen       total 113664K, used 9321K [0x00000000e0000000, 0x00000000e6f00000, 0x00000000f5580000)
  object space 113664K, 8% used [0x00000000e0000000,0x00000000e091a690,0x00000000e6f00000)
 Metaspace       used 33165K, capacity 35352K, committed 35416K, reserved 1079296K
  class space    used 4539K, capacity 4976K, committed 4992K, reserved 1048576K
Event: 2.997 GC heap after
Heap after GC invocations=7 (full 1):
 PSYoungGen      total 143360K, used 7869K [0x00000000f5580000, 0x00000000ff900000, 0x0000000100000000)
  eden space 131072K, 0% used [0x00000000f5580000,0x00000000f5580000,0x00000000fd580000)
  from space 12288K, 64% used [0x00000000fe100000,0x00000000fe8af660,0x00000000fed00000)
  to   space 11776K, 0% used [0x00000000fd580000,0x00000000fd580000,0x00000000fe100000)
 ParOldGen       total 113664K, used 9329K [0x00000000e0000000, 0x00000000e6f00000, 0x00000000f5580000)
  object space 113664K, 8% used [0x00000000e0000000,0x00000000e091c690,0x00000000e6f00000)
 Metaspace       used 33165K, capacity 35352K, committed 35416K, reserved 1079296K
  class space    used 4539K, capacity 4976K, committed 4992K, reserved 1048576K
}
Event: 2.997 GC heap before
{Heap before GC invocations=8 (full 2):
 PSYoungGen      total 143360K, used 7869K [0x00000000f5580000, 0x00000000ff900000, 0x0000000100000000)
  eden space 131072K, 0% used [0x00000000f5580000,0x00000000f5580000,0x00000000fd580000)
  from space 12288K, 64% used [0x00000000fe100000,0x00000000fe8af660,0x00000000fed00000)
  to   space 11776K, 0% used [0x00000000fd580000,0x00000000fd580000,0x00000000fe100000)
 ParOldGen       total 113664K, used 9329K [0x00000000e0000000, 0x00000000e6f00000, 0x00000000f5580000)
  object space 113664K, 8% used [0x00000000e0000000,0x00000000e091c690,0x00000000e6f00000)
 Metaspace       used 33165K, capacity 35352K, committed 35416K, reserved 1079296K
  class space    used 4539K, capacity 4976K, committed 4992K, reserved 1048576K
Event: 3.025 GC heap after
Heap after GC invocations=8 (full 2):
 PSYoungGen      total 143360K, used 0K [0x00000000f5580000, 0x00000000ff900000, 0x0000000100000000)
  eden space 131072K, 0% used [0x00000000f5580000,0x00000000f5580000,0x00000000fd580000)
  from space 12288K, 0% used [0x00000000fe100000,0x00000000fe100000,0x00000000fed00000)
  to   space 11776K, 0% used [0x00000000fd580000,0x00000000fd580000,0x00000000fe100000)
 ParOldGen       total 113664K, used 12965K [0x00000000e0000000, 0x00000000e6f00000, 0x00000000f5580000)
  object space 113664K, 11% used [0x00000000e0000000,0x00000000e0ca9440,0x00000000e6f00000)
 Metaspace       used 33165K, capacity 35352K, committed 35416K, reserved 1079296K
  class space    used 4539K, capacity 4976K, committed 4992K, reserved 1048576K
}

