# JRE version: Java(TM) SE Runtime Environment (8.0_281-b09) (build 1.8.0_281-b09)
# Java VM: Java HotSpot(TM) 64-Bit Server VM (25.281-b09 mixed mode windows-amd64 compressed oops)
Heap:
 PSYoungGen      total 136192K, used 97430K [0x00000000f5580000, 0x00000000ffd80000, 0x0000000100000000)
  eden space 101888K, 84% used [0x00000000f5580000,0x00000000fa984218,0x00000000fb900000)
  from space 34304K, 33% used [0x00000000fb900000,0x00000000fc4218b0,0x00000000fda80000)
  to   space 33280K, 0% used [0x00000000fdd00000,0x00000000fdd00000,0x00000000ffd80000)
 ParOldGen       total 251392K, used 94456K [0x00000000e0000000, 0x00000000ef580000, 0x00000000f5580000)
  object space 251392K, 37% used [0x00000000e0000000,0x00000000e5c3e3d0,0x00000000ef580000)
 Metaspace       used 69838K, capacity 75255K, committed 75392K, reserved 1114112K
  class space    used 9326K, capacity 10326K, committed 10368K, reserved 1048576K
GC Heap History (10 events):
Event: 4631.659 GC heap before
{Heap before GC invocations=50 (full 3):
 PSYoungGen      total 131584K, used 107072K [0x00000000f5580000, 0x0000000100000000, 0x0000000100000000)
  eden space 92672K, 100% used [0x00000000f5580000,0x00000000fb000000,0x00000000fb000000)
  from space 38912K, 37% used [0x00000000fd500000,0x00000000fe3102c0,0x00000000ffb00000)
  to   space 37888K, 0% used [0x00000000fb000000,0x00000000fb000000,0x00000000fd500000)
 ParOldGen       total 251392K, used 94208K [0x00000000e0000000, 0x00000000ef580000, 0x00000000f5580000)
  object space 251392K, 37% used [0x00000000e0000000,0x00000000e5c003d0,0x00000000ef580000)
 Metaspace       used 69601K, capacity 74769K, committed 74880K, reserved 1114112K
  class space    used 9301K, capacity 10281K, committed 10368K, reserved 1048576K
Event: 4631.665 GC heap after
Heap after GC invocations=50 (full 3):
 PSYoungGen      total 130560K, used 8216K [0x00000000f5580000, 0x00000000ffe00000, 0x0000000100000000)
  eden space 92672K, 0% used [0x00000000f5580000,0x00000000f5580000,0x00000000fb000000)
  from space 37888K, 21% used [0x00000000fb000000,0x00000000fb806310,0x00000000fd500000)
  to   space 37376K, 0% used [0x00000000fd980000,0x00000000fd980000,0x00000000ffe00000)
 ParOldGen       total 251392K, used 94280K [0x00000000e0000000, 0x00000000ef580000, 0x00000000f5580000)
  object space 251392K, 37% used [0x00000000e0000000,0x00000000e5c123d0,0x00000000ef580000)
 Metaspace       used 69601K, capacity 74769K, committed 74880K, reserved 1114112K
  class space    used 9301K, capacity 10281K, committed 10368K, reserved 1048576K
}
Event: 4631.836 GC heap before
{Heap before GC invocations=51 (full 3):
 PSYoungGen      total 130560K, used 100859K [0x00000000f5580000, 0x00000000ffe00000, 0x0000000100000000)
  eden space 92672K, 99% used [0x00000000f5580000,0x00000000faff88f8,0x00000000fb000000)
  from space 37888K, 21% used [0x00000000fb000000,0x00000000fb806310,0x00000000fd500000)
  to   space 37376K, 0% used [0x00000000fd980000,0x00000000fd980000,0x00000000ffe00000)
 ParOldGen       total 251392K, used 94280K [0x00000000e0000000, 0x00000000ef580000, 0x00000000f5580000)
  object space 251392K, 37% used [0x00000000e0000000,0x00000000e5c123d0,0x00000000ef580000)
 Metaspace       used 69673K, capacity 74953K, committed 75136K, reserved 1114112K
  class space    used 9312K, capacity 10301K, committed 10368K, reserved 1048576K
Event: 4631.843 GC heap after
Heap after GC invocations=51 (full 3):
 PSYoungGen      total 135680K, used 11321K [0x00000000f5580000, 0x00000000ffd80000, 0x0000000100000000)
  eden space 98816K, 0% used [0x00000000f5580000,0x00000000f5580000,0x00000000fb600000)
  from space 36864K, 30% used [0x00000000fd980000,0x00000000fe48e4d8,0x00000000ffd80000)
  to   space 36352K, 0% used [0x00000000fb600000,0x00000000fb600000,0x00000000fd980000)
 ParOldGen       total 251392K, used 94304K [0x00000000e0000000, 0x00000000ef580000, 0x00000000f5580000)
  object space 251392K, 37% used [0x00000000e0000000,0x00000000e5c183d0,0x00000000ef580000)
 Metaspace       used 69673K, capacity 74953K, committed 75136K, reserved 1114112K
  class space    used 9312K, capacity 10301K, committed 10368K, reserved 1048576K
}
Event: 4648.699 GC heap before
{Heap before GC invocations=52 (full 3):
 PSYoungGen      total 135680K, used 110137K [0x00000000f5580000, 0x00000000ffd80000, 0x0000000100000000)
  eden space 98816K, 100% used [0x00000000f5580000,0x00000000fb600000,0x00000000fb600000)
  from space 36864K, 30% used [0x00000000fd980000,0x00000000fe48e4d8,0x00000000ffd80000)
  to   space 36352K, 0% used [0x00000000fb600000,0x00000000fb600000,0x00000000fd980000)
 ParOldGen       total 251392K, used 94304K [0x00000000e0000000, 0x00000000ef580000, 0x00000000f5580000)
  object space 251392K, 37% used [0x00000000e0000000,0x00000000e5c183d0,0x00000000ef580000)
 Metaspace       used 69763K, capacity 75115K, committed 75392K, reserved 1114112K
  class space    used 9326K, capacity 10326K, committed 10368K, reserved 1048576K
Event: 4648.713 GC heap after
Heap after GC invocations=52 (full 3):
 PSYoungGen      total 135168K, used 15597K [0x00000000f5580000, 0x00000000ffc80000, 0x0000000100000000)
  eden space 98816K, 0% used [0x00000000f5580000,0x00000000f5580000,0x00000000fb600000)
  from space 36352K, 42% used [0x00000000fb600000,0x00000000fc53b4f8,0x00000000fd980000)
  to   space 34816K, 0% used [0x00000000fda80000,0x00000000fda80000,0x00000000ffc80000)
 ParOldGen       total 251392K, used 94384K [0x00000000e0000000, 0x00000000ef580000, 0x00000000f5580000)
  object space 251392K, 37% used [0x00000000e0000000,0x00000000e5c2c3d0,0x00000000ef580000)
 Metaspace       used 69763K, capacity 75115K, committed 75392K, reserved 1114112K
  class space    used 9326K, capacity 10326K, committed 10368K, reserved 1048576K
}
Event: 4649.036 GC heap before
{Heap before GC invocations=53 (full 3):
 PSYoungGen      total 135168K, used 114413K [0x00000000f5580000, 0x00000000ffc80000, 0x0000000100000000)
  eden space 98816K, 100% used [0x00000000f5580000,0x00000000fb600000,0x00000000fb600000)
  from space 36352K, 42% used [0x00000000fb600000,0x00000000fc53b4f8,0x00000000fd980000)
  to   space 34816K, 0% used [0x00000000fda80000,0x00000000fda80000,0x00000000ffc80000)
 ParOldGen       total 251392K, used 94384K [0x00000000e0000000, 0x00000000ef580000, 0x00000000f5580000)
  object space 251392K, 37% used [0x00000000e0000000,0x00000000e5c2c3d0,0x00000000ef580000)
 Metaspace       used 69764K, capacity 75115K, committed 75392K, reserved 1114112K
  class space    used 9326K, capacity 10326K, committed 10368K, reserved 1048576K
Event: 4649.041 GC heap after
Heap after GC invocations=53 (full 3):
 PSYoungGen      total 136704K, used 7944K [0x00000000f5580000, 0x00000000ffd80000, 0x0000000100000000)
  eden space 101888K, 0% used [0x00000000f5580000,0x00000000f5580000,0x00000000fb900000)
  from space 34816K, 22% used [0x00000000fda80000,0x00000000fe242320,0x00000000ffc80000)
  to   space 34304K, 0% used [0x00000000fb900000,0x00000000fb900000,0x00000000fda80000)
 ParOldGen       total 251392K, used 94424K [0x00000000e0000000, 0x00000000ef580000, 0x00000000f5580000)
  object space 251392K, 37% used [0x00000000e0000000,0x00000000e5c363d0,0x00000000ef580000)
 Metaspace       used 69764K, capacity 75115K, committed 75392K, reserved 1114112K
  class space    used 9326K, capacity 10326K, committed 10368K, reserved 1048576K
}
Event: 4649.202 GC heap before
{Heap before GC invocations=54 (full 3):
 PSYoungGen      total 136704K, used 109828K [0x00000000f5580000, 0x00000000ffd80000, 0x0000000100000000)
  eden space 101888K, 99% used [0x00000000f5580000,0x00000000fb8fee88,0x00000000fb900000)
  from space 34816K, 22% used [0x00000000fda80000,0x00000000fe242320,0x00000000ffc80000)
  to   space 34304K, 0% used [0x00000000fb900000,0x00000000fb900000,0x00000000fda80000)
 ParOldGen       total 251392K, used 94424K [0x00000000e0000000, 0x00000000ef580000, 0x00000000f5580000)
  object space 251392K, 37% used [0x00000000e0000000,0x00000000e5c363d0,0x00000000ef580000)
 Metaspace       used 69816K, capacity 75255K, committed 75392K, reserved 1114112K
  class space    used 9326K, capacity 10326K, committed 10368K, reserved 1048576K
Event: 4649.209 GC heap after
Heap after GC invocations=54 (full 3):
 PSYoungGen      total 136192K, used 11398K [0x00000000f5580000, 0x00000000ffd80000, 0x0000000100000000)
  eden space 101888K, 0% used [0x00000000f5580000,0x00000000f5580000,0x00000000fb900000)
  from space 34304K, 33% used [0x00000000fb900000,0x00000000fc4218b0,0x00000000fda80000)
  to   space 33280K, 0% used [0x00000000fdd00000,0x00000000fdd00000,0x00000000ffd80000)
 ParOldGen       total 251392K, used 94456K [0x00000000e0000000, 0x00000000ef580000, 0x00000000f5580000)
  object space 251392K, 37% used [0x00000000e0000000,0x00000000e5c3e3d0,0x00000000ef580000)
 Metaspace       used 69816K, capacity 75255K, committed 75392K, reserved 1114112K
  class space    used 9326K, capacity 10326K, committed 10368K, reserved 1048576K
}

