# JRE version: Java(TM) SE Runtime Environment (8.0_281-b09) (build 1.8.0_281-b09)
# Java VM: Java HotSpot(TM) 64-Bit Server VM (25.281-b09 mixed mode windows-amd64 compressed oops)
Heap:
 PSYoungGen      total 105472K, used 88456K [0x00000000f5580000, 0x00000000fc700000, 0x0000000100000000)
  eden space 94720K, 93% used [0x00000000f5580000,0x00000000fabe2088,0x00000000fb200000)
  from space 10752K, 0% used [0x00000000fbc80000,0x00000000fbc80000,0x00000000fc700000)
  to   space 10752K, 0% used [0x00000000fb200000,0x00000000fb200000,0x00000000fbc80000)
 ParOldGen       total 113664K, used 12617K [0x00000000e0000000, 0x00000000e6f00000, 0x00000000f5580000)
  object space 113664K, 11% used [0x00000000e0000000,0x00000000e0c52460,0x00000000e6f00000)
 Metaspace       used 37886K, capacity 40360K, committed 40536K, reserved 1083392K
  class space    used 5261K, capacity 5756K, committed 5760K, reserved 1048576K
GC Heap History (10 events):
Event: 1.606 GC heap before
{Heap before GC invocations=4 (full 1):
 PSYoungGen      total 75776K, used 65024K [0x00000000f5580000, 0x00000000faa00000, 0x0000000100000000)
  eden space 65024K, 100% used [0x00000000f5580000,0x00000000f9500000,0x00000000f9500000)
  from space 10752K, 0% used [0x00000000f9f80000,0x00000000f9f80000,0x00000000faa00000)
  to   space 10752K, 0% used [0x00000000f9500000,0x00000000f9500000,0x00000000f9f80000)
 ParOldGen       total 113664K, used 9283K [0x00000000e0000000, 0x00000000e6f00000, 0x00000000f5580000)
  object space 113664K, 8% used [0x00000000e0000000,0x00000000e0910dc8,0x00000000e6f00000)
 Metaspace       used 22455K, capacity 24050K, committed 24448K, reserved 1071104K
  class space    used 3035K, capacity 3339K, committed 3456K, reserved 1048576K
Event: 1.608 GC heap after
Heap after GC invocations=4 (full 1):
 PSYoungGen      total 75776K, used 3476K [0x00000000f5580000, 0x00000000fc700000, 0x0000000100000000)
  eden space 65024K, 0% used [0x00000000f5580000,0x00000000f5580000,0x00000000f9500000)
  from space 10752K, 32% used [0x00000000f9500000,0x00000000f9865390,0x00000000f9f80000)
  to   space 10752K, 0% used [0x00000000fbc80000,0x00000000fbc80000,0x00000000fc700000)
 ParOldGen       total 113664K, used 9283K [0x00000000e0000000, 0x00000000e6f00000, 0x00000000f5580000)
  object space 113664K, 8% used [0x00000000e0000000,0x00000000e0910dc8,0x00000000e6f00000)
 Metaspace       used 22455K, capacity 24050K, committed 24448K, reserved 1071104K
  class space    used 3035K, capacity 3339K, committed 3456K, reserved 1048576K
}
Event: 2.056 GC heap before
{Heap before GC invocations=5 (full 1):
 PSYoungGen      total 75776K, used 68500K [0x00000000f5580000, 0x00000000fc700000, 0x0000000100000000)
  eden space 65024K, 100% used [0x00000000f5580000,0x00000000f9500000,0x00000000f9500000)
  from space 10752K, 32% used [0x00000000f9500000,0x00000000f9865390,0x00000000f9f80000)
  to   space 10752K, 0% used [0x00000000fbc80000,0x00000000fbc80000,0x00000000fc700000)
 ParOldGen       total 113664K, used 9283K [0x00000000e0000000, 0x00000000e6f00000, 0x00000000f5580000)
  object space 113664K, 8% used [0x00000000e0000000,0x00000000e0910dc8,0x00000000e6f00000)
 Metaspace       used 26454K, capacity 28272K, committed 28544K, reserved 1073152K
  class space    used 3558K, capacity 3948K, committed 3968K, reserved 1048576K
Event: 2.062 GC heap after
Heap after GC invocations=5 (full 1):
 PSYoungGen      total 105472K, used 7461K [0x00000000f5580000, 0x00000000fc700000, 0x0000000100000000)
  eden space 94720K, 0% used [0x00000000f5580000,0x00000000f5580000,0x00000000fb200000)
  from space 10752K, 69% used [0x00000000fbc80000,0x00000000fc3c9550,0x00000000fc700000)
  to   space 10752K, 0% used [0x00000000fb200000,0x00000000fb200000,0x00000000fbc80000)
 ParOldGen       total 113664K, used 9291K [0x00000000e0000000, 0x00000000e6f00000, 0x00000000f5580000)
  object space 113664K, 8% used [0x00000000e0000000,0x00000000e0912dc8,0x00000000e6f00000)
 Metaspace       used 26454K, capacity 28272K, committed 28544K, reserved 1073152K
  class space    used 3558K, capacity 3948K, committed 3968K, reserved 1048576K
}
Event: 2.871 GC heap before
{Heap before GC invocations=6 (full 1):
 PSYoungGen      total 105472K, used 102181K [0x00000000f5580000, 0x00000000fc700000, 0x0000000100000000)
  eden space 94720K, 100% used [0x00000000f5580000,0x00000000fb200000,0x00000000fb200000)
  from space 10752K, 69% used [0x00000000fbc80000,0x00000000fc3c9550,0x00000000fc700000)
  to   space 10752K, 0% used [0x00000000fb200000,0x00000000fb200000,0x00000000fbc80000)
 ParOldGen       total 113664K, used 9291K [0x00000000e0000000, 0x00000000e6f00000, 0x00000000f5580000)
  object space 113664K, 8% used [0x00000000e0000000,0x00000000e0912dc8,0x00000000e6f00000)
 Metaspace       used 32050K, capacity 34264K, committed 34560K, reserved 1079296K
  class space    used 4360K, capacity 4782K, committed 4864K, reserved 1048576K
Event: 2.881 GC heap after
Heap after GC invocations=6 (full 1):
 PSYoungGen      total 105472K, used 10729K [0x00000000f5580000, 0x00000000fc700000, 0x0000000100000000)
  eden space 94720K, 0% used [0x00000000f5580000,0x00000000f5580000,0x00000000fb200000)
  from space 10752K, 99% used [0x00000000fb200000,0x00000000fbc7a508,0x00000000fbc80000)
  to   space 10752K, 0% used [0x00000000fbc80000,0x00000000fbc80000,0x00000000fc700000)
 ParOldGen       total 113664K, used 9408K [0x00000000e0000000, 0x00000000e6f00000, 0x00000000f5580000)
  object space 113664K, 8% used [0x00000000e0000000,0x00000000e0930388,0x00000000e6f00000)
 Metaspace       used 32050K, capacity 34264K, committed 34560K, reserved 1079296K
  class space    used 4360K, capacity 4782K, committed 4864K, reserved 1048576K
}
Event: 2.979 GC heap before
{Heap before GC invocations=7 (full 1):
 PSYoungGen      total 105472K, used 25756K [0x00000000f5580000, 0x00000000fc700000, 0x0000000100000000)
  eden space 94720K, 15% used [0x00000000f5580000,0x00000000f642cbb0,0x00000000fb200000)
  from space 10752K, 99% used [0x00000000fb200000,0x00000000fbc7a508,0x00000000fbc80000)
  to   space 10752K, 0% used [0x00000000fbc80000,0x00000000fbc80000,0x00000000fc700000)
 ParOldGen       total 113664K, used 9408K [0x00000000e0000000, 0x00000000e6f00000, 0x00000000f5580000)
  object space 113664K, 8% used [0x00000000e0000000,0x00000000e0930388,0x00000000e6f00000)
 Metaspace       used 33176K, capacity 35368K, committed 35416K, reserved 1079296K
  class space    used 4542K, capacity 4978K, committed 4992K, reserved 1048576K
Event: 2.983 GC heap after
Heap after GC invocations=7 (full 1):
 PSYoungGen      total 105472K, used 7431K [0x00000000f5580000, 0x00000000fc700000, 0x0000000100000000)
  eden space 94720K, 0% used [0x00000000f5580000,0x00000000f5580000,0x00000000fb200000)
  from space 10752K, 69% used [0x00000000fbc80000,0x00000000fc3c1c90,0x00000000fc700000)
  to   space 10752K, 0% used [0x00000000fb200000,0x00000000fb200000,0x00000000fbc80000)
 ParOldGen       total 113664K, used 9416K [0x00000000e0000000, 0x00000000e6f00000, 0x00000000f5580000)
  object space 113664K, 8% used [0x00000000e0000000,0x00000000e0932388,0x00000000e6f00000)
 Metaspace       used 33176K, capacity 35368K, committed 35416K, reserved 1079296K
  class space    used 4542K, capacity 4978K, committed 4992K, reserved 1048576K
}
Event: 2.983 GC heap before
{Heap before GC invocations=8 (full 2):
 PSYoungGen      total 105472K, used 7431K [0x00000000f5580000, 0x00000000fc700000, 0x0000000100000000)
  eden space 94720K, 0% used [0x00000000f5580000,0x00000000f5580000,0x00000000fb200000)
  from space 10752K, 69% used [0x00000000fbc80000,0x00000000fc3c1c90,0x00000000fc700000)
  to   space 10752K, 0% used [0x00000000fb200000,0x00000000fb200000,0x00000000fbc80000)
 ParOldGen       total 113664K, used 9416K [0x00000000e0000000, 0x00000000e6f00000, 0x00000000f5580000)
  object space 113664K, 8% used [0x00000000e0000000,0x00000000e0932388,0x00000000e6f00000)
 Metaspace       used 33176K, capacity 35368K, committed 35416K, reserved 1079296K
  class space    used 4542K, capacity 4978K, committed 4992K, reserved 1048576K
Event: 3.012 GC heap after
Heap after GC invocations=8 (full 2):
 PSYoungGen      total 105472K, used 0K [0x00000000f5580000, 0x00000000fc700000, 0x0000000100000000)
  eden space 94720K, 0% used [0x00000000f5580000,0x00000000f5580000,0x00000000fb200000)
  from space 10752K, 0% used [0x00000000fbc80000,0x00000000fbc80000,0x00000000fc700000)
  to   space 10752K, 0% used [0x00000000fb200000,0x00000000fb200000,0x00000000fbc80000)
 ParOldGen       total 113664K, used 12617K [0x00000000e0000000, 0x00000000e6f00000, 0x00000000f5580000)
  object space 113664K, 11% used [0x00000000e0000000,0x00000000e0c52460,0x00000000e6f00000)
 Metaspace       used 33176K, capacity 35368K, committed 35416K, reserved 1079296K
  class space    used 4542K, capacity 4978K, committed 4992K, reserved 1048576K
}

