# JRE version: Java(TM) SE Runtime Environment (8.0_281-b09) (build 1.8.0_281-b09)
# Java VM: Java HotSpot(TM) 64-Bit Server VM (25.281-b09 mixed mode windows-amd64 compressed oops)
Heap:
 PSYoungGen      total 75776K, used 38736K [0x00000000f5580000, 0x00000000fdc00000, 0x0000000100000000)
  eden space 65024K, 48% used [0x00000000f5580000,0x00000000f7489f88,0x00000000f9500000)
  from space 10752K, 64% used [0x00000000f9500000,0x00000000f9bca460,0x00000000f9f80000)
  to   space 10240K, 0% used [0x00000000fd200000,0x00000000fd200000,0x00000000fdc00000)
 ParOldGen       total 79360K, used 5501K [0x00000000e0000000, 0x00000000e4d80000, 0x00000000f5580000)
  object space 79360K, 6% used [0x00000000e0000000,0x00000000e055f678,0x00000000e4d80000)
 Metaspace       used 32664K, capacity 34492K, committed 34688K, reserved 1079296K
  class space    used 4573K, capacity 4928K, committed 4992K, reserved 1048576K
GC Heap History (10 events):
Event: 1.500 GC heap before
{Heap before GC invocations=2 (full 0):
 PSYoungGen      total 75776K, used 66693K [0x00000000f5580000, 0x00000000faa00000, 0x0000000100000000)
  eden space 65024K, 89% used [0x00000000f5580000,0x00000000f8e39d58,0x00000000f9500000)
  from space 10752K, 80% used [0x00000000f9500000,0x00000000f9d678f0,0x00000000f9f80000)
  to   space 10752K, 0% used [0x00000000f9f80000,0x00000000f9f80000,0x00000000faa00000)
 ParOldGen       total 173568K, used 16K [0x00000000e0000000, 0x00000000ea980000, 0x00000000f5580000)
  object space 173568K, 0% used [0x00000000e0000000,0x00000000e0004000,0x00000000ea980000)
 Metaspace       used 19685K, capacity 21172K, committed 21504K, reserved 1067008K
  class space    used 2684K, capacity 2966K, committed 3072K, reserved 1048576K
Event: 1.505 GC heap after
Heap after GC invocations=2 (full 0):
 PSYoungGen      total 75776K, used 9464K [0x00000000f5580000, 0x00000000faa00000, 0x0000000100000000)
  eden space 65024K, 0% used [0x00000000f5580000,0x00000000f5580000,0x00000000f9500000)
  from space 10752K, 88% used [0x00000000f9f80000,0x00000000fa8be230,0x00000000faa00000)
  to   space 10752K, 0% used [0x00000000f9500000,0x00000000f9500000,0x00000000f9f80000)
 ParOldGen       total 173568K, used 24K [0x00000000e0000000, 0x00000000ea980000, 0x00000000f5580000)
  object space 173568K, 0% used [0x00000000e0000000,0x00000000e0006000,0x00000000ea980000)
 Metaspace       used 19685K, capacity 21172K, committed 21504K, reserved 1067008K
  class space    used 2684K, capacity 2966K, committed 3072K, reserved 1048576K
}
Event: 1.516 GC heap before
{Heap before GC invocations=3 (full 0):
 PSYoungGen      total 75776K, used 13654K [0x00000000f5580000, 0x00000000faa00000, 0x0000000100000000)
  eden space 65024K, 6% used [0x00000000f5580000,0x00000000f5997700,0x00000000f9500000)
  from space 10752K, 88% used [0x00000000f9f80000,0x00000000fa8be230,0x00000000faa00000)
  to   space 10752K, 0% used [0x00000000f9500000,0x00000000f9500000,0x00000000f9f80000)
 ParOldGen       total 173568K, used 24K [0x00000000e0000000, 0x00000000ea980000, 0x00000000f5580000)
  object space 173568K, 0% used [0x00000000e0000000,0x00000000e0006000,0x00000000ea980000)
 Metaspace       used 20034K, capacity 21472K, committed 21628K, reserved 1069056K
  class space    used 2716K, capacity 3000K, committed 3072K, reserved 1048576K
Event: 1.520 GC heap after
Heap after GC invocations=3 (full 0):
 PSYoungGen      total 75776K, used 5691K [0x00000000f5580000, 0x00000000faa00000, 0x0000000100000000)
  eden space 65024K, 0% used [0x00000000f5580000,0x00000000f5580000,0x00000000f9500000)
  from space 10752K, 52% used [0x00000000f9500000,0x00000000f9a8ecc0,0x00000000f9f80000)
  to   space 10752K, 0% used [0x00000000f9f80000,0x00000000f9f80000,0x00000000faa00000)
 ParOldGen       total 173568K, used 24K [0x00000000e0000000, 0x00000000ea980000, 0x00000000f5580000)
  object space 173568K, 0% used [0x00000000e0000000,0x00000000e0006000,0x00000000ea980000)
 Metaspace       used 20034K, capacity 21472K, committed 21628K, reserved 1069056K
  class space    used 2716K, capacity 3000K, committed 3072K, reserved 1048576K
}
Event: 1.520 GC heap before
{Heap before GC invocations=4 (full 1):
 PSYoungGen      total 75776K, used 5691K [0x00000000f5580000, 0x00000000faa00000, 0x0000000100000000)
  eden space 65024K, 0% used [0x00000000f5580000,0x00000000f5580000,0x00000000f9500000)
  from space 10752K, 52% used [0x00000000f9500000,0x00000000f9a8ecc0,0x00000000f9f80000)
  to   space 10752K, 0% used [0x00000000f9f80000,0x00000000f9f80000,0x00000000faa00000)
 ParOldGen       total 173568K, used 24K [0x00000000e0000000, 0x00000000ea980000, 0x00000000f5580000)
  object space 173568K, 0% used [0x00000000e0000000,0x00000000e0006000,0x00000000ea980000)
 Metaspace       used 20034K, capacity 21472K, committed 21628K, reserved 1069056K
  class space    used 2716K, capacity 3000K, committed 3072K, reserved 1048576K
Event: 1.541 GC heap after
Heap after GC invocations=4 (full 1):
 PSYoungGen      total 75776K, used 0K [0x00000000f5580000, 0x00000000faa00000, 0x0000000100000000)
  eden space 65024K, 0% used [0x00000000f5580000,0x00000000f5580000,0x00000000f9500000)
  from space 10752K, 0% used [0x00000000f9500000,0x00000000f9500000,0x00000000f9f80000)
  to   space 10752K, 0% used [0x00000000f9f80000,0x00000000f9f80000,0x00000000faa00000)
 ParOldGen       total 79360K, used 5485K [0x00000000e0000000, 0x00000000e4d80000, 0x00000000f5580000)
  object space 79360K, 6% used [0x00000000e0000000,0x00000000e055b678,0x00000000e4d80000)
 Metaspace       used 20034K, capacity 21472K, committed 21628K, reserved 1069056K
  class space    used 2716K, capacity 3000K, committed 3072K, reserved 1048576K
}
Event: 1.744 GC heap before
{Heap before GC invocations=5 (full 1):
 PSYoungGen      total 75776K, used 65009K [0x00000000f5580000, 0x00000000faa00000, 0x0000000100000000)
  eden space 65024K, 99% used [0x00000000f5580000,0x00000000f94fc5c0,0x00000000f9500000)
  from space 10752K, 0% used [0x00000000f9500000,0x00000000f9500000,0x00000000f9f80000)
  to   space 10752K, 0% used [0x00000000f9f80000,0x00000000f9f80000,0x00000000faa00000)
 ParOldGen       total 79360K, used 5485K [0x00000000e0000000, 0x00000000e4d80000, 0x00000000f5580000)
  object space 79360K, 6% used [0x00000000e0000000,0x00000000e055b678,0x00000000e4d80000)
 Metaspace       used 24484K, capacity 26128K, committed 26240K, reserved 1071104K
  class space    used 3313K, capacity 3664K, committed 3712K, reserved 1048576K
Event: 1.747 GC heap after
Heap after GC invocations=5 (full 1):
 PSYoungGen      total 75776K, used 5247K [0x00000000f5580000, 0x00000000fdf80000, 0x0000000100000000)
  eden space 65024K, 0% used [0x00000000f5580000,0x00000000f5580000,0x00000000f9500000)
  from space 10752K, 48% used [0x00000000f9f80000,0x00000000fa49fef0,0x00000000faa00000)
  to   space 10752K, 0% used [0x00000000f9500000,0x00000000f9500000,0x00000000f9f80000)
 ParOldGen       total 79360K, used 5493K [0x00000000e0000000, 0x00000000e4d80000, 0x00000000f5580000)
  object space 79360K, 6% used [0x00000000e0000000,0x00000000e055d678,0x00000000e4d80000)
 Metaspace       used 24484K, capacity 26128K, committed 26240K, reserved 1071104K
  class space    used 3313K, capacity 3664K, committed 3712K, reserved 1048576K
}
Event: 2.152 GC heap before
{Heap before GC invocations=6 (full 1):
 PSYoungGen      total 75776K, used 70271K [0x00000000f5580000, 0x00000000fdf80000, 0x0000000100000000)
  eden space 65024K, 100% used [0x00000000f5580000,0x00000000f9500000,0x00000000f9500000)
  from space 10752K, 48% used [0x00000000f9f80000,0x00000000fa49fef0,0x00000000faa00000)
  to   space 10752K, 0% used [0x00000000f9500000,0x00000000f9500000,0x00000000f9f80000)
 ParOldGen       total 79360K, used 5493K [0x00000000e0000000, 0x00000000e4d80000, 0x00000000f5580000)
  object space 79360K, 6% used [0x00000000e0000000,0x00000000e055d678,0x00000000e4d80000)
 Metaspace       used 29479K, capacity 31260K, committed 31488K, reserved 1077248K
  class space    used 3945K, capacity 4304K, committed 4352K, reserved 1048576K
Event: 2.156 GC heap after
Heap after GC invocations=6 (full 1):
 PSYoungGen      total 75776K, used 6953K [0x00000000f5580000, 0x00000000fdc00000, 0x0000000100000000)
  eden space 65024K, 0% used [0x00000000f5580000,0x00000000f5580000,0x00000000f9500000)
  from space 10752K, 64% used [0x00000000f9500000,0x00000000f9bca460,0x00000000f9f80000)
  to   space 10240K, 0% used [0x00000000fd200000,0x00000000fd200000,0x00000000fdc00000)
 ParOldGen       total 79360K, used 5501K [0x00000000e0000000, 0x00000000e4d80000, 0x00000000f5580000)
  object space 79360K, 6% used [0x00000000e0000000,0x00000000e055f678,0x00000000e4d80000)
 Metaspace       used 29479K, capacity 31260K, committed 31488K, reserved 1077248K
  class space    used 3945K, capacity 4304K, committed 4352K, reserved 1048576K
}

