# JRE version: Java(TM) SE Runtime Environment (8.0_281-b09) (build 1.8.0_281-b09)
# Java VM: Java HotSpot(TM) 64-Bit Server VM (25.281-b09 mixed mode windows-amd64 compressed oops)
Heap:
 PSYoungGen      total 75776K, used 52473K [0x00000000f5580000, 0x00000000fc380000, 0x0000000100000000)
  eden space 65024K, 72% used [0x00000000f5580000,0x00000000f833e0d0,0x00000000f9500000)
  from space 10752K, 52% used [0x00000000f9500000,0x00000000f9a80358,0x00000000f9f80000)
  to   space 10752K, 0% used [0x00000000fb900000,0x00000000fb900000,0x00000000fc380000)
 ParOldGen       total 114176K, used 9091K [0x00000000e0000000, 0x00000000e6f80000, 0x00000000f5580000)
  object space 114176K, 7% used [0x00000000e0000000,0x00000000e08e0c50,0x00000000e6f80000)
 Metaspace       used 27463K, capacity 29204K, committed 29440K, reserved 1075200K
  class space    used 3673K, capacity 4008K, committed 4096K, reserved 1048576K
GC Heap History (8 events):
Event: 1.188 GC heap before
{Heap before GC invocations=1 (full 0):
 PSYoungGen      total 75776K, used 65024K [0x00000000f5580000, 0x00000000faa00000, 0x0000000100000000)
  eden space 65024K, 100% used [0x00000000f5580000,0x00000000f9500000,0x00000000f9500000)
  from space 10752K, 0% used [0x00000000f9f80000,0x00000000f9f80000,0x00000000faa00000)
  to   space 10752K, 0% used [0x00000000f9500000,0x00000000f9500000,0x00000000f9f80000)
 ParOldGen       total 173568K, used 0K [0x00000000e0000000, 0x00000000ea980000, 0x00000000f5580000)
  object space 173568K, 0% used [0x00000000e0000000,0x00000000e0000000,0x00000000ea980000)
 Metaspace       used 14063K, capacity 15076K, committed 15232K, reserved 1062912K
  class space    used 1895K, capacity 2122K, committed 2176K, reserved 1048576K
Event: 1.194 GC heap after
Heap after GC invocations=1 (full 0):
 PSYoungGen      total 75776K, used 8650K [0x00000000f5580000, 0x00000000faa00000, 0x0000000100000000)
  eden space 65024K, 0% used [0x00000000f5580000,0x00000000f5580000,0x00000000f9500000)
  from space 10752K, 80% used [0x00000000f9500000,0x00000000f9d72b58,0x00000000f9f80000)
  to   space 10752K, 0% used [0x00000000f9f80000,0x00000000f9f80000,0x00000000faa00000)
 ParOldGen       total 173568K, used 16K [0x00000000e0000000, 0x00000000ea980000, 0x00000000f5580000)
  object space 173568K, 0% used [0x00000000e0000000,0x00000000e0004000,0x00000000ea980000)
 Metaspace       used 14063K, capacity 15076K, committed 15232K, reserved 1062912K
  class space    used 1895K, capacity 2122K, committed 2176K, reserved 1048576K
}
Event: 1.582 GC heap before
{Heap before GC invocations=2 (full 0):
 PSYoungGen      total 75776K, used 66137K [0x00000000f5580000, 0x00000000faa00000, 0x0000000100000000)
  eden space 65024K, 88% used [0x00000000f5580000,0x00000000f8da3ad0,0x00000000f9500000)
  from space 10752K, 80% used [0x00000000f9500000,0x00000000f9d72b58,0x00000000f9f80000)
  to   space 10752K, 0% used [0x00000000f9f80000,0x00000000f9f80000,0x00000000faa00000)
 ParOldGen       total 173568K, used 16K [0x00000000e0000000, 0x00000000ea980000, 0x00000000f5580000)
  object space 173568K, 0% used [0x00000000e0000000,0x00000000e0004000,0x00000000ea980000)
 Metaspace       used 19676K, capacity 21104K, committed 21248K, reserved 1067008K
  class space    used 2686K, capacity 2966K, committed 3072K, reserved 1048576K
Event: 1.589 GC heap after
Heap after GC invocations=2 (full 0):
 PSYoungGen      total 75776K, used 9538K [0x00000000f5580000, 0x00000000faa00000, 0x0000000100000000)
  eden space 65024K, 0% used [0x00000000f5580000,0x00000000f5580000,0x00000000f9500000)
  from space 10752K, 88% used [0x00000000f9f80000,0x00000000fa8d0878,0x00000000faa00000)
  to   space 10752K, 0% used [0x00000000f9500000,0x00000000f9500000,0x00000000f9f80000)
 ParOldGen       total 173568K, used 24K [0x00000000e0000000, 0x00000000ea980000, 0x00000000f5580000)
  object space 173568K, 0% used [0x00000000e0000000,0x00000000e0006000,0x00000000ea980000)
 Metaspace       used 19676K, capacity 21104K, committed 21248K, reserved 1067008K
  class space    used 2686K, capacity 2966K, committed 3072K, reserved 1048576K
}
Event: 1.589 GC heap before
{Heap before GC invocations=3 (full 1):
 PSYoungGen      total 75776K, used 9538K [0x00000000f5580000, 0x00000000faa00000, 0x0000000100000000)
  eden space 65024K, 0% used [0x00000000f5580000,0x00000000f5580000,0x00000000f9500000)
  from space 10752K, 88% used [0x00000000f9f80000,0x00000000fa8d0878,0x00000000faa00000)
  to   space 10752K, 0% used [0x00000000f9500000,0x00000000f9500000,0x00000000f9f80000)
 ParOldGen       total 173568K, used 24K [0x00000000e0000000, 0x00000000ea980000, 0x00000000f5580000)
  object space 173568K, 0% used [0x00000000e0000000,0x00000000e0006000,0x00000000ea980000)
 Metaspace       used 19676K, capacity 21104K, committed 21248K, reserved 1067008K
  class space    used 2686K, capacity 2966K, committed 3072K, reserved 1048576K
Event: 1.615 GC heap after
Heap after GC invocations=3 (full 1):
 PSYoungGen      total 75776K, used 0K [0x00000000f5580000, 0x00000000faa00000, 0x0000000100000000)
  eden space 65024K, 0% used [0x00000000f5580000,0x00000000f5580000,0x00000000f9500000)
  from space 10752K, 0% used [0x00000000f9f80000,0x00000000f9f80000,0x00000000faa00000)
  to   space 10752K, 0% used [0x00000000f9500000,0x00000000f9500000,0x00000000f9f80000)
 ParOldGen       total 114176K, used 9083K [0x00000000e0000000, 0x00000000e6f80000, 0x00000000f5580000)
  object space 114176K, 7% used [0x00000000e0000000,0x00000000e08dec50,0x00000000e6f80000)
 Metaspace       used 19676K, capacity 21104K, committed 21248K, reserved 1067008K
  class space    used 2686K, capacity 2966K, committed 3072K, reserved 1048576K
}
Event: 1.852 GC heap before
{Heap before GC invocations=4 (full 1):
 PSYoungGen      total 75776K, used 64994K [0x00000000f5580000, 0x00000000faa00000, 0x0000000100000000)
  eden space 65024K, 99% used [0x00000000f5580000,0x00000000f94f8a28,0x00000000f9500000)
  from space 10752K, 0% used [0x00000000f9f80000,0x00000000f9f80000,0x00000000faa00000)
  to   space 10752K, 0% used [0x00000000f9500000,0x00000000f9500000,0x00000000f9f80000)
 ParOldGen       total 114176K, used 9083K [0x00000000e0000000, 0x00000000e6f80000, 0x00000000f5580000)
  object space 114176K, 7% used [0x00000000e0000000,0x00000000e08dec50,0x00000000e6f80000)
 Metaspace       used 24501K, capacity 26124K, committed 26240K, reserved 1071104K
  class space    used 3314K, capacity 3664K, committed 3712K, reserved 1048576K
Event: 1.855 GC heap after
Heap after GC invocations=4 (full 1):
 PSYoungGen      total 75776K, used 5632K [0x00000000f5580000, 0x00000000fc380000, 0x0000000100000000)
  eden space 65024K, 0% used [0x00000000f5580000,0x00000000f5580000,0x00000000f9500000)
  from space 10752K, 52% used [0x00000000f9500000,0x00000000f9a80358,0x00000000f9f80000)
  to   space 10752K, 0% used [0x00000000fb900000,0x00000000fb900000,0x00000000fc380000)
 ParOldGen       total 114176K, used 9091K [0x00000000e0000000, 0x00000000e6f80000, 0x00000000f5580000)
  object space 114176K, 7% used [0x00000000e0000000,0x00000000e08e0c50,0x00000000e6f80000)
 Metaspace       used 24501K, capacity 26124K, committed 26240K, reserved 1071104K
  class space    used 3314K, capacity 3664K, committed 3712K, reserved 1048576K
}

